<?xml version="1.0" encoding="UTF-8"?>
<Site BuildName="Win32-MSBuild"
	BuildStamp="20211025-0511-Experimental"
	Name="DESKTOP-J8B5N21"
	Generator="ctest-3.20.21032501-MSVC_2"
	CompilerName="C:/Program Files (x86)/Microsoft Visual Studio/2019/Professional/VC/Tools/MSVC/14.29.30133/bin/Hostx64/x64/cl.exe"
	CompilerVersion="19.29.30136.0"
	OSName="Windows"
	Hostname="DESKTOP-J8B5N21"
	OSRelease=" Professional"
	OSVersion=" (Build 22483)"
	OSPlatform="AMD64"
	Is64Bits="1"
	VendorString="GenuineIntel"
	VendorID="Intel Corporation"
	FamilyID="6"
	ModelID="14"
	ProcessorCacheSize="-1"
	NumberOfLogicalCPU="8"
	NumberOfPhysicalCPU="4"
	TotalVirtualMemory="18659"
	TotalPhysicalMemory="16227"
	LogicalProcessorsPerPhysical="2"
	ProcessorClockFrequency="1895"
	>
	<Testing>
		<StartDateTime>Oct 25 07:11 Romance Daylight Time</StartDateTime>
		<StartTestTime>1635138711</StartTestTime>
		<TestList/>
		<EndDateTime>Oct 25 07:11 Romance Daylight Time</EndDateTime>
		<EndTestTime>1635138711</EndTestTime>
		<ElapsedMinutes>0</ElapsedMinutes>
	</Testing>
</Site>
